<?xml version="1.0" encoding="UTF-8"?>
<!-- Generated by org.testng.reporters.JUnitReportReporter -->
<testsuite hostname="LAPTOP-DAGUG8JE" failures="0" tests="3" name="Tests.ContentListTest" time="4.890" errors="0" timestamp="2021-10-26T00:46:07 EDT" skipped="0">
  <testcase classname="Tests.ContentListTest" name="create_new_list_test" time="0.480"/>
  <system-out/>
  <testcase classname="Tests.ContentListTest" name="create_new_list_with_rules_test" time="3.906"/>
  <system-out/>
  <testcase classname="Tests.ContentListTest" name="create_new_list_with_videos_test" time="0.504"/>
  <system-out/>
</testsuite> <!-- Tests.ContentListTest -->
