<?xml version="1.0" encoding="UTF-8"?>
<!-- Generated by org.testng.reporters.JUnitReportReporter -->
<testsuite hostname="LAPTOP-DAGUG8JE" failures="0" tests="1" name="Tests.ContentScreensTest" time="0.864" errors="0" timestamp="2021-10-27T23:58:03 EDT" skipped="0">
  <testcase classname="Tests.ContentScreensTest" name="find_and_edit_screen_test" time="0.864"/>
  <system-out/>
</testsuite> <!-- Tests.ContentScreensTest -->
