<?xml version="1.0" encoding="UTF-8"?>
<!-- Generated by org.testng.reporters.JUnitReportReporter -->
<testsuite hostname="LAPTOP-DAGUG8JE" failures="0" tests="2" name="Tests.ContentListTest" time="6.026" errors="0" timestamp="2021-10-17T22:21:13 EDT" skipped="0">
  <testcase classname="Tests.ContentListTest" name="create_new_list_with_rules_test" time="3.792"/>
  <system-out/>
  <testcase classname="Tests.ContentListTest" name="create_new_list_test" time="2.234"/>
  <system-out/>
</testsuite> <!-- Tests.ContentListTest -->
