<?xml version="1.0" encoding="UTF-8"?>
<!-- Generated by org.testng.reporters.JUnitReportReporter -->
<testsuite hostname="LAPTOP-DAGUG8JE" failures="0" tests="1" name="Tests.ContentNotificationTest" time="2.550" errors="0" timestamp="2021-10-17T22:06:36 EDT" skipped="0">
  <testcase classname="Tests.ContentNotificationTest" name="create_new_text_notification_test" time="2.550"/>
  <system-out/>
</testsuite> <!-- Tests.ContentNotificationTest -->
