<?xml version="1.0" encoding="UTF-8"?>
<!-- Generated by org.testng.reporters.JUnitReportReporter -->
<testsuite hostname="LAPTOP-DAGUG8JE" failures="0" tests="2" name="UseCaseTests.CreateNewListWithRulesTest" time="4.342" errors="0" timestamp="2021-10-28T03:00:05 EDT" skipped="0">
  <testcase classname="UseCaseTests.CreateNewListWithRulesTest" name="create_new_list_test" time="0.480"/>
  <system-out/>
  <testcase classname="UseCaseTests.CreateNewListWithRulesTest" name="create_new_list_with_rules_test" time="3.862"/>
  <system-out/>
</testsuite> <!-- UseCaseTests.CreateNewListWithRulesTest -->
