<?xml version="1.0" encoding="UTF-8"?>
<!-- Generated by org.testng.reporters.JUnitReportReporter -->
<testsuite hostname="LAPTOP-DAGUG8JE" failures="0" tests="1" name="Tests.ContentListTest" time="0.511" errors="0" timestamp="2021-10-28T02:53:48 EDT" skipped="0">
  <testcase classname="Tests.ContentListTest" name="find_list_test" time="0.511"/>
  <system-out/>
</testsuite> <!-- Tests.ContentListTest -->
