<?xml version="1.0" encoding="UTF-8"?>
<!-- Generated by org.testng.reporters.JUnitReportReporter -->
<testsuite hostname="LAPTOP-DAGUG8JE" failures="0" tests="1" name="UseCaseTests.FindAndEditAScreen" time="0.672" errors="0" timestamp="2021-10-28T03:00:05 EDT" skipped="0">
  <testcase classname="UseCaseTests.FindAndEditAScreen" name="find_and_edit_screen_test" time="0.672"/>
  <system-out/>
</testsuite> <!-- UseCaseTests.FindAndEditAScreen -->
