<?xml version="1.0" encoding="UTF-8"?>
<!-- Generated by org.testng.reporters.JUnitReportReporter -->
<testsuite hostname="LAPTOP-DAGUG8JE" failures="0" tests="1" name="Tests.ContentScreensTest" time="3.010" errors="0" timestamp="2021-10-17T22:09:18 EDT" skipped="0">
  <testcase classname="Tests.ContentScreensTest" name="create_new_screen_test" time="3.010"/>
  <system-out/>
</testsuite> <!-- Tests.ContentScreensTest -->
