<?xml version="1.0" encoding="UTF-8"?>
<!-- Generated by org.testng.reporters.JUnitReportReporter -->
<testsuite hostname="LAPTOP-DAGUG8JE" failures="0" tests="1" name="UseCaseTests.CreateTemplateMenuTest" time="1.154" errors="0" timestamp="2021-10-28T03:00:05 EDT" skipped="0">
  <testcase classname="UseCaseTests.CreateTemplateMenuTest" name="edit_save_cancel_menu_test" time="1.154"/>
  <system-out/>
</testsuite> <!-- UseCaseTests.CreateTemplateMenuTest -->
