<?xml version="1.0" encoding="UTF-8"?>
<!-- Generated by org.testng.reporters.JUnitReportReporter -->
<testsuite hostname="LAPTOP-DAGUG8JE" failures="0" tests="1" name="Tests.ContentProfilesTest" time="0.518" errors="0" timestamp="2021-10-26T02:41:53 EDT" skipped="0">
  <testcase classname="Tests.ContentProfilesTest" name="edit_profile_test" time="0.518"/>
  <system-out/>
</testsuite> <!-- Tests.ContentProfilesTest -->
