<?xml version="1.0" encoding="UTF-8"?>
<!-- Generated by org.testng.reporters.JUnitReportReporter -->
<testsuite hostname="LAPTOP-DAGUG8JE" failures="0" tests="1" name="practice2.MyClass" time="1.577" errors="0" timestamp="2021-10-15T14:02:26 EDT" skipped="0">
  <testcase classname="practice2.MyClass" name="Login" time="1.577"/>
  <system-out/>
</testsuite> <!-- practice2.MyClass -->
