<?xml version="1.0" encoding="UTF-8"?>
<!-- Generated by org.testng.reporters.JUnitReportReporter -->
<testsuite hostname="LAPTOP-DAGUG8JE" failures="0" tests="1" name="Tests.DasboardLoginTest" time="1.590" errors="0" timestamp="2021-10-17T22:08:56 EDT" skipped="0">
  <testcase classname="Tests.DasboardLoginTest" name="Login" time="1.590"/>
  <system-out/>
</testsuite> <!-- Tests.DasboardLoginTest -->
