<?xml version="1.0" encoding="UTF-8"?>
<!-- Generated by org.testng.reporters.JUnitReportReporter -->
<testsuite hostname="LAPTOP-DAGUG8JE" failures="0" tests="1" name="Tests.DasboardLoginTest" time="1.473" errors="0" timestamp="2021-10-21T16:53:24 EDT" skipped="0">
  <testcase classname="Tests.DasboardLoginTest" name="Login" time="1.473"/>
  <system-out/>
</testsuite> <!-- Tests.DasboardLoginTest -->
