<?xml version="1.0" encoding="UTF-8"?>
<!-- Generated by org.testng.reporters.JUnitReportReporter -->
<testsuite hostname="LAPTOP-DAGUG8JE" failures="0" tests="1" name="Tests.ContentMenuTest" time="4.758" errors="0" timestamp="2021-10-27T16:52:23 EDT" skipped="0">
  <testcase classname="Tests.ContentMenuTest" name="create_new_menu_test" time="4.758"/>
  <system-out/>
</testsuite> <!-- Tests.ContentMenuTest -->
